<?xml version="1.0" encoding="UTF-8"?>
<!-- Generated by org.testng.reporters.JUnitReportReporter -->
<testsuite hostname="DESKTOP-DPJIP4J" failures="0" tests="5" name="Runners.TestRunner" time="116.307" errors="0" timestamp="2023-12-25T18:29:42 IST" skipped="0">
  <testcase classname="Runners.TestRunner" name="runScenario" time="22.380"/>
  <testcase classname="Runners.TestRunner" name="runScenario" time="23.712"/>
  <testcase classname="Runners.TestRunner" name="runScenario" time="21.538"/>
  <testcase classname="Runners.TestRunner" name="runScenario" time="29.484"/>
  <testcase classname="Runners.TestRunner" name="runScenario" time="19.193"/>
</testsuite> <!-- Runners.TestRunner -->
