<?xml version="1.0" encoding="UTF-8"?>
<!-- Generated by org.testng.reporters.JUnitReportReporter -->
<testsuite hostname="DESKTOP-DPJIP4J" failures="0" tests="3" name="Runners.TestRunner" time="84.037" errors="0" timestamp="2023-12-25T16:56:53 IST" skipped="0">
  <testcase classname="Runners.TestRunner" name="runScenario" time="22.790"/>
  <testcase classname="Runners.TestRunner" name="runScenario" time="36.702"/>
  <testcase classname="Runners.TestRunner" name="runScenario" time="24.545"/>
</testsuite> <!-- Runners.TestRunner -->
